commit e6a5272635448b74c470872396ab9061b3339b27
Author: Ananya-15 <ananya.dubey17@imperial.ac.uk>
Date:   Fri Mar 13 15:42:12 2020 +0000

    Introducing class member functions for operations

M	Debug/HPCcoursework
M	Debug/LidDrivenCavity.cpp.o
M	Debug/LidDrivenCavity.cpp.o.d
M	Debug/LidDrivenCavitySolver.cpp.o
M	Debug/LidDrivenCavitySolver.cpp.o.d
M	HPCcoursework.mk
M	HPCcoursework.project
M	HPCcoursework.txt
M	LidDrivenCavity.cpp
M	LidDrivenCavity.h
M	LidDrivenCavitySolver.cpp
M	PoissonSolver.h
M	PrintMat.h
M	myprog
A	test.cpp

commit e6edc7d2f02d81c2354c3fe62fc2b79ffb344fe5
Author: Ananya-15 <ananya.dubey17@imperial.ac.uk>
Date:   Wed Mar 11 20:44:52 2020 +0000

    Defining vorticity and streamfunction

M	Debug/HPCcoursework
M	Debug/LidDrivenCavitySolver.cpp.o
M	Debug/LidDrivenCavitySolver.cpp.o.d
M	HPCcoursework.mk
M	HPCcoursework.project
M	HPCcoursework.txt
M	LidDrivenCavity.cpp
M	LidDrivenCavity.h
M	LidDrivenCavitySolver.cpp
A	PoissonSolver.h
A	PrintMat.h
M	myprog

commit 55b2dca24f31e7593881cbc244ba2c0ac0d3d6cd
Author: Ananya-15 <ananya.dubey17@imperial.ac.uk>
Date:   Tue Mar 10 20:20:34 2020 +0000

    Altering command line inputs

A	Debug/.d
A	Debug/HPCcoursework
A	Debug/LidDrivenCavity.cpp.o
A	Debug/LidDrivenCavity.cpp.o.d
A	Debug/LidDrivenCavitySolver.cpp.o
A	Debug/LidDrivenCavitySolver.cpp.o.d
A	HPCcoursework.mk
A	HPCcoursework.project
A	HPCcoursework.txt
M	LidDrivenCavity.cpp
A	LidDrivenCavity.h
M	LidDrivenCavitySolver.cpp
A	myprog

commit 7d1b0b7054fccf98356b2e46287788bb3ef7c525
Author: [Ananya Dubey] <[ananya.dubey17@imperial.ac.uk]>
Date:   Tue Mar 10 17:19:00 2020 +0000

    Reading command line inputs

A	LidDrivenCavitySolver.cpp

commit 07ce6d7e2491187f086054241a3d410ccc3c1d7e
Author: [Ananya Dubey] <[ananya.dubey17@imperial.ac.uk]>
Date:   Tue Mar 10 15:37:41 2020 +0000

    First commit

A	LidDrivenCavity.cpp
